# JRE version: OpenJDK Runtime Environment (11.0.10) (build 11.0.10+0-b96-7249189)
# Java VM: OpenJDK 64-Bit Server VM (11.0.10+0-b96-7249189, mixed mode, tiered, compressed oops, g1 gc, windows-amd64)
Heap:
 garbage-first heap   total 344064K, used 203199K [0x0000000080000000, 0x0000000100000000)
  region size 1024K, 2 young (2048K), 2 survivors (2048K)
 Metaspace       used 100492K, capacity 102924K, committed 103244K, reserved 1138688K
  class space    used 12402K, capacity 13267K, committed 13388K, reserved 1048576K
GC Heap History (20 events):
Event: 53.813 GC heap after
{Heap after GC invocations=26 (full 0):
 garbage-first heap   total 262144K, used 104210K [0x0000000080000000, 0x0000000100000000)
  region size 1024K, 4 young (4096K), 4 survivors (4096K)
 Metaspace       used 92536K, capacity 94849K, committed 94924K, reserved 1132544K
  class space    used 11388K, capacity 12209K, committed 12236K, reserved 1048576K
}
Event: 54.274 GC heap before
{Heap before GC invocations=26 (full 0):
 garbage-first heap   total 262144K, used 188178K [0x0000000080000000, 0x0000000100000000)
  region size 1024K, 85 young (87040K), 4 survivors (4096K)
 Metaspace       used 93712K, capacity 96026K, committed 96076K, reserved 1132544K
  class space    used 11525K, capacity 12344K, committed 12364K, reserved 1048576K
}
Event: 54.278 GC heap after
{Heap after GC invocations=27 (full 0):
 garbage-first heap   total 262144K, used 104949K [0x0000000080000000, 0x0000000100000000)
  region size 1024K, 5 young (5120K), 5 survivors (5120K)
 Metaspace       used 93712K, capacity 96026K, committed 96076K, reserved 1132544K
  class space    used 11525K, capacity 12344K, committed 12364K, reserved 1048576K
}
Event: 54.899 GC heap before
{Heap before GC invocations=27 (full 0):
 garbage-first heap   total 262144K, used 190965K [0x0000000080000000, 0x0000000100000000)
  region size 1024K, 90 young (92160K), 5 survivors (5120K)
 Metaspace       used 96285K, capacity 98546K, committed 98764K, reserved 1134592K
  class space    used 11847K, capacity 12671K, committed 12748K, reserved 1048576K
}
Event: 54.906 GC heap after
{Heap after GC invocations=28 (full 0):
 garbage-first heap   total 262144K, used 110139K [0x0000000080000000, 0x0000000100000000)
  region size 1024K, 10 young (10240K), 10 survivors (10240K)
 Metaspace       used 96285K, capacity 98546K, committed 98764K, reserved 1134592K
  class space    used 11847K, capacity 12671K, committed 12748K, reserved 1048576K
}
Event: 55.294 GC heap before
{Heap before GC invocations=28 (full 0):
 garbage-first heap   total 262144K, used 196155K [0x0000000080000000, 0x0000000100000000)
  region size 1024K, 95 young (97280K), 10 survivors (10240K)
 Metaspace       used 96390K, capacity 98747K, committed 99020K, reserved 1136640K
  class space    used 11855K, capacity 12672K, committed 12748K, reserved 1048576K
}
Event: 55.301 GC heap after
{Heap after GC invocations=29 (full 0):
 garbage-first heap   total 262144K, used 113549K [0x0000000080000000, 0x0000000100000000)
  region size 1024K, 6 young (6144K), 6 survivors (6144K)
 Metaspace       used 96390K, capacity 98747K, committed 99020K, reserved 1136640K
  class space    used 11855K, capacity 12672K, committed 12748K, reserved 1048576K
}
Event: 55.915 GC heap before
{Heap before GC invocations=29 (full 0):
 garbage-first heap   total 262144K, used 200589K [0x0000000080000000, 0x0000000100000000)
  region size 1024K, 92 young (94208K), 6 survivors (6144K)
 Metaspace       used 97484K, capacity 99828K, committed 99916K, reserved 1136640K
  class space    used 11985K, capacity 12836K, committed 12876K, reserved 1048576K
}
Event: 55.923 GC heap after
{Heap after GC invocations=30 (full 0):
 garbage-first heap   total 262144K, used 117075K [0x0000000080000000, 0x0000000100000000)
  region size 1024K, 10 young (10240K), 10 survivors (10240K)
 Metaspace       used 97484K, capacity 99828K, committed 99916K, reserved 1136640K
  class space    used 11985K, capacity 12836K, committed 12876K, reserved 1048576K
}
Event: 56.102 GC heap before
{Heap before GC invocations=30 (full 0):
 garbage-first heap   total 262144K, used 147795K [0x0000000080000000, 0x0000000100000000)
  region size 1024K, 33 young (33792K), 10 survivors (10240K)
 Metaspace       used 98108K, capacity 100513K, committed 100812K, reserved 1136640K
  class space    used 12059K, capacity 12887K, committed 13004K, reserved 1048576K
}
Event: 56.111 GC heap after
{Heap after GC invocations=31 (full 0):
 garbage-first heap   total 262144K, used 131522K [0x0000000080000000, 0x0000000100000000)
  region size 1024K, 6 young (6144K), 6 survivors (6144K)
 Metaspace       used 98108K, capacity 100513K, committed 100812K, reserved 1136640K
  class space    used 12059K, capacity 12887K, committed 13004K, reserved 1048576K
}
Event: 56.468 GC heap before
{Heap before GC invocations=32 (full 0):
 garbage-first heap   total 262144K, used 224706K [0x0000000080000000, 0x0000000100000000)
  region size 1024K, 83 young (84992K), 6 survivors (6144K)
 Metaspace       used 99570K, capacity 101986K, committed 102348K, reserved 1138688K
  class space    used 12273K, capacity 13123K, committed 13260K, reserved 1048576K
}
Event: 56.477 GC heap after
{Heap after GC invocations=33 (full 0):
 garbage-first heap   total 262144K, used 163738K [0x0000000080000000, 0x0000000100000000)
  region size 1024K, 11 young (11264K), 11 survivors (11264K)
 Metaspace       used 99570K, capacity 101986K, committed 102348K, reserved 1138688K
  class space    used 12273K, capacity 13123K, committed 13260K, reserved 1048576K
}
Event: 56.480 GC heap before
{Heap before GC invocations=33 (full 0):
 garbage-first heap   total 262144K, used 164762K [0x0000000080000000, 0x0000000100000000)
  region size 1024K, 12 young (12288K), 11 survivors (11264K)
 Metaspace       used 99627K, capacity 102050K, committed 102348K, reserved 1138688K
  class space    used 12278K, capacity 13123K, committed 13260K, reserved 1048576K
}
Event: 56.486 GC heap after
{Heap after GC invocations=34 (full 0):
 garbage-first heap   total 262144K, used 152625K [0x0000000080000000, 0x0000000100000000)
  region size 1024K, 1 young (1024K), 1 survivors (1024K)
 Metaspace       used 99627K, capacity 102050K, committed 102348K, reserved 1138688K
  class space    used 12278K, capacity 13123K, committed 13260K, reserved 1048576K
}
Event: 56.530 GC heap before
{Heap before GC invocations=34 (full 0):
 garbage-first heap   total 262144K, used 170033K [0x0000000080000000, 0x0000000100000000)
  region size 1024K, 20 young (20480K), 1 survivors (1024K)
 Metaspace       used 100120K, capacity 102532K, committed 102604K, reserved 1138688K
  class space    used 12352K, capacity 13201K, committed 13260K, reserved 1048576K
}
Event: 56.534 GC heap after
{Heap after GC invocations=35 (full 0):
 garbage-first heap   total 262144K, used 154668K [0x0000000080000000, 0x0000000100000000)
  region size 1024K, 3 young (3072K), 3 survivors (3072K)
 Metaspace       used 100120K, capacity 102532K, committed 102604K, reserved 1138688K
  class space    used 12352K, capacity 13201K, committed 13260K, reserved 1048576K
}
Event: 56.695 GC heap before
{Heap before GC invocations=36 (full 0):
 garbage-first heap   total 262144K, used 260140K [0x0000000080000000, 0x0000000100000000)
  region size 1024K, 55 young (56320K), 3 survivors (3072K)
 Metaspace       used 100491K, capacity 102924K, committed 103244K, reserved 1138688K
  class space    used 12402K, capacity 13267K, committed 13388K, reserved 1048576K
}
Event: 56.706 GC heap after
{Heap after GC invocations=37 (full 0):
 garbage-first heap   total 286720K, used 203586K [0x0000000080000000, 0x0000000100000000)
  region size 1024K, 8 young (8192K), 8 survivors (8192K)
 Metaspace       used 100491K, capacity 102924K, committed 103244K, reserved 1138688K
  class space    used 12402K, capacity 13267K, committed 13388K, reserved 1048576K
}
Event: 56.717 GC heap before
{Heap before GC invocations=37 (full 0):
 garbage-first heap   total 286720K, used 209730K [0x0000000080000000, 0x0000000100000000)
  region size 1024K, 14 young (14336K), 8 survivors (8192K)
 Metaspace       used 100492K, capacity 102924K, committed 103244K, reserved 1138688K
  class space    used 12402K, capacity 13267K, committed 13388K, reserved 1048576K
}

