# JRE version: OpenJDK Runtime Environment (11.0.10) (build 11.0.10+0-b96-7249189)
# Java VM: OpenJDK 64-Bit Server VM (11.0.10+0-b96-7249189, mixed mode, tiered, compressed oops, g1 gc, windows-amd64)
Heap:
 garbage-first heap   total 792576K, used 393728K [0x0000000080000000, 0x0000000100000000)
  region size 1024K, 5 young (5120K), 5 survivors (5120K)
 Metaspace       used 90859K, capacity 93155K, committed 93260K, reserved 1130496K
  class space    used 11803K, capacity 12598K, committed 12620K, reserved 1048576K
GC Heap History (20 events):
Event: 11.190 GC heap after
{Heap after GC invocations=20 (full 0):
 garbage-first heap   total 304128K, used 198033K [0x0000000080000000, 0x0000000100000000)
  region size 1024K, 11 young (11264K), 11 survivors (11264K)
 Metaspace       used 88822K, capacity 91109K, committed 91468K, reserved 1128448K
  class space    used 11444K, capacity 12241K, committed 12364K, reserved 1048576K
}
Event: 11.203 GC heap before
{Heap before GC invocations=20 (full 0):
 garbage-first heap   total 304128K, used 201105K [0x0000000080000000, 0x0000000100000000)
  region size 1024K, 15 young (15360K), 11 survivors (11264K)
 Metaspace       used 88828K, capacity 91109K, committed 91468K, reserved 1128448K
  class space    used 11444K, capacity 12241K, committed 12364K, reserved 1048576K
}
Event: 11.214 GC heap after
{Heap after GC invocations=21 (full 0):
 garbage-first heap   total 365568K, used 200777K [0x0000000080000000, 0x0000000100000000)
  region size 1024K, 2 young (2048K), 2 survivors (2048K)
 Metaspace       used 88828K, capacity 91109K, committed 91468K, reserved 1128448K
  class space    used 11444K, capacity 12241K, committed 12364K, reserved 1048576K
}
Event: 11.398 GC heap before
{Heap before GC invocations=22 (full 0):
 garbage-first heap   total 365568K, used 242761K [0x0000000080000000, 0x0000000100000000)
  region size 1024K, 42 young (43008K), 2 survivors (2048K)
 Metaspace       used 88836K, capacity 91109K, committed 91468K, reserved 1128448K
  class space    used 11445K, capacity 12241K, committed 12364K, reserved 1048576K
}
Event: 11.417 GC heap after
{Heap after GC invocations=23 (full 0):
 garbage-first heap   total 365568K, used 218112K [0x0000000080000000, 0x0000000100000000)
  region size 1024K, 7 young (7168K), 7 survivors (7168K)
 Metaspace       used 88836K, capacity 91109K, committed 91468K, reserved 1128448K
  class space    used 11445K, capacity 12241K, committed 12364K, reserved 1048576K
}
Event: 11.616 GC heap before
{Heap before GC invocations=24 (full 0):
 garbage-first heap   total 365568K, used 271360K [0x0000000080000000, 0x0000000100000000)
  region size 1024K, 55 young (56320K), 7 survivors (7168K)
 Metaspace       used 88837K, capacity 91109K, committed 91468K, reserved 1128448K
  class space    used 11445K, capacity 12241K, committed 12364K, reserved 1048576K
}
Event: 11.644 GC heap after
{Heap after GC invocations=25 (full 0):
 garbage-first heap   total 365568K, used 242115K [0x0000000080000000, 0x0000000100000000)
  region size 1024K, 7 young (7168K), 7 survivors (7168K)
 Metaspace       used 88837K, capacity 91109K, committed 91468K, reserved 1128448K
  class space    used 11445K, capacity 12241K, committed 12364K, reserved 1048576K
}
Event: 11.812 GC heap before
{Heap before GC invocations=25 (full 0):
 garbage-first heap   total 365568K, used 281027K [0x0000000080000000, 0x0000000100000000)
  region size 1024K, 46 young (47104K), 7 survivors (7168K)
 Metaspace       used 90712K, capacity 93021K, committed 93260K, reserved 1130496K
  class space    used 11794K, capacity 12598K, committed 12620K, reserved 1048576K
}
Event: 11.836 GC heap after
{Heap after GC invocations=26 (full 0):
 garbage-first heap   total 365568K, used 258560K [0x0000000080000000, 0x0000000100000000)
  region size 1024K, 6 young (6144K), 6 survivors (6144K)
 Metaspace       used 90712K, capacity 93021K, committed 93260K, reserved 1130496K
  class space    used 11794K, capacity 12598K, committed 12620K, reserved 1048576K
}
Event: 11.949 GC heap before
{Heap before GC invocations=26 (full 0):
 garbage-first heap   total 365568K, used 291328K [0x0000000080000000, 0x0000000100000000)
  region size 1024K, 38 young (38912K), 6 survivors (6144K)
 Metaspace       used 90726K, capacity 93021K, committed 93260K, reserved 1130496K
  class space    used 11796K, capacity 12598K, committed 12620K, reserved 1048576K
}
Event: 11.970 GC heap after
{Heap after GC invocations=27 (full 0):
 garbage-first heap   total 365568K, used 276992K [0x0000000080000000, 0x0000000100000000)
  region size 1024K, 5 young (5120K), 5 survivors (5120K)
 Metaspace       used 90726K, capacity 93021K, committed 93260K, reserved 1130496K
  class space    used 11796K, capacity 12598K, committed 12620K, reserved 1048576K
}
Event: 12.078 GC heap before
{Heap before GC invocations=27 (full 0):
 garbage-first heap   total 365568K, used 297472K [0x0000000080000000, 0x0000000100000000)
  region size 1024K, 28 young (28672K), 5 survivors (5120K)
 Metaspace       used 90795K, capacity 93087K, committed 93260K, reserved 1130496K
  class space    used 11796K, capacity 12598K, committed 12620K, reserved 1048576K
}
Event: 12.095 GC heap after
{Heap after GC invocations=28 (full 0):
 garbage-first heap   total 495616K, used 289792K [0x0000000080000000, 0x0000000100000000)
  region size 1024K, 4 young (4096K), 4 survivors (4096K)
 Metaspace       used 90795K, capacity 93087K, committed 93260K, reserved 1130496K
  class space    used 11796K, capacity 12598K, committed 12620K, reserved 1048576K
}
Event: 12.229 GC heap before
{Heap before GC invocations=29 (full 0):
 garbage-first heap   total 495616K, used 353280K [0x0000000080000000, 0x0000000100000000)
  region size 1024K, 66 young (67584K), 4 survivors (4096K)
 Metaspace       used 90851K, capacity 93155K, committed 93260K, reserved 1130496K
  class space    used 11803K, capacity 12598K, committed 12620K, reserved 1048576K
}
Event: 12.254 GC heap after
{Heap after GC invocations=30 (full 0):
 garbage-first heap   total 495616K, used 325113K [0x0000000080000000, 0x0000000100000000)
  region size 1024K, 9 young (9216K), 9 survivors (9216K)
 Metaspace       used 90851K, capacity 93155K, committed 93260K, reserved 1130496K
  class space    used 11803K, capacity 12598K, committed 12620K, reserved 1048576K
}
Event: 12.351 GC heap before
{Heap before GC invocations=30 (full 0):
 garbage-first heap   total 495616K, used 376313K [0x0000000080000000, 0x0000000100000000)
  region size 1024K, 59 young (60416K), 9 survivors (9216K)
 Metaspace       used 90858K, capacity 93155K, committed 93260K, reserved 1130496K
  class space    used 11803K, capacity 12598K, committed 12620K, reserved 1048576K
}
Event: 12.376 GC heap after
{Heap after GC invocations=31 (full 0):
 garbage-first heap   total 495616K, used 354304K [0x0000000080000000, 0x0000000100000000)
  region size 1024K, 8 young (8192K), 8 survivors (8192K)
 Metaspace       used 90858K, capacity 93155K, committed 93260K, reserved 1130496K
  class space    used 11803K, capacity 12598K, committed 12620K, reserved 1048576K
}
Event: 12.472 GC heap before
{Heap before GC invocations=31 (full 0):
 garbage-first heap   total 495616K, used 394240K [0x0000000080000000, 0x0000000100000000)
  region size 1024K, 47 young (48128K), 8 survivors (8192K)
 Metaspace       used 90859K, capacity 93155K, committed 93260K, reserved 1130496K
  class space    used 11803K, capacity 12598K, committed 12620K, reserved 1048576K
}
Event: 12.494 GC heap after
{Heap after GC invocations=32 (full 0):
 garbage-first heap   total 495616K, used 376832K [0x0000000080000000, 0x0000000100000000)
  region size 1024K, 6 young (6144K), 6 survivors (6144K)
 Metaspace       used 90859K, capacity 93155K, committed 93260K, reserved 1130496K
  class space    used 11803K, capacity 12598K, committed 12620K, reserved 1048576K
}
Event: 12.554 GC heap before
{Heap before GC invocations=32 (full 0):
 garbage-first heap   total 495616K, used 405504K [0x0000000080000000, 0x0000000100000000)
  region size 1024K, 35 young (35840K), 6 survivors (6144K)
 Metaspace       used 90859K, capacity 93155K, committed 93260K, reserved 1130496K
  class space    used 11803K, capacity 12598K, committed 12620K, reserved 1048576K
}

