# JRE version: OpenJDK Runtime Environment (11.0.10) (build 11.0.10+0-b96-7249189)
# Java VM: OpenJDK 64-Bit Server VM (11.0.10+0-b96-7249189, mixed mode, tiered, compressed oops, g1 gc, windows-amd64)
Heap:
 garbage-first heap   total 640000K, used 290816K [0x0000000080000000, 0x0000000100000000)
  region size 1024K, 3 young (3072K), 3 survivors (3072K)
 Metaspace       used 91410K, capacity 93656K, committed 93900K, reserved 1130496K
  class space    used 11884K, capacity 12719K, committed 12748K, reserved 1048576K
GC Heap History (20 events):
Event: 12.072 GC heap after
{Heap after GC invocations=21 (full 0):
 garbage-first heap   total 301056K, used 195984K [0x0000000080000000, 0x0000000100000000)
  region size 1024K, 10 young (10240K), 10 survivors (10240K)
 Metaspace       used 89398K, capacity 91591K, committed 91724K, reserved 1128448K
  class space    used 11534K, capacity 12334K, committed 12364K, reserved 1048576K
}
Event: 12.078 GC heap before
{Heap before GC invocations=21 (full 0):
 garbage-first heap   total 301056K, used 198032K [0x0000000080000000, 0x0000000100000000)
  region size 1024K, 13 young (13312K), 10 survivors (10240K)
 Metaspace       used 89398K, capacity 91591K, committed 91724K, reserved 1128448K
  class space    used 11534K, capacity 12334K, committed 12364K, reserved 1048576K
}
Event: 12.086 GC heap after
{Heap after GC invocations=22 (full 0):
 garbage-first heap   total 301056K, used 198990K [0x0000000080000000, 0x0000000100000000)
  region size 1024K, 2 young (2048K), 2 survivors (2048K)
 Metaspace       used 89398K, capacity 91591K, committed 91724K, reserved 1128448K
  class space    used 11534K, capacity 12334K, committed 12364K, reserved 1048576K
}
Event: 12.255 GC heap before
{Heap before GC invocations=23 (full 0):
 garbage-first heap   total 301056K, used 230734K [0x0000000080000000, 0x0000000100000000)
  region size 1024K, 32 young (32768K), 2 survivors (2048K)
 Metaspace       used 89396K, capacity 91585K, committed 91724K, reserved 1128448K
  class space    used 11534K, capacity 12333K, committed 12364K, reserved 1048576K
}
Event: 12.272 GC heap after
{Heap after GC invocations=24 (full 0):
 garbage-first heap   total 301056K, used 213808K [0x0000000080000000, 0x0000000100000000)
  region size 1024K, 4 young (4096K), 4 survivors (4096K)
 Metaspace       used 89396K, capacity 91585K, committed 91724K, reserved 1128448K
  class space    used 11534K, capacity 12333K, committed 12364K, reserved 1048576K
}
Event: 12.297 GC heap before
{Heap before GC invocations=24 (full 0):
 garbage-first heap   total 301056K, used 218928K [0x0000000080000000, 0x0000000100000000)
  region size 1024K, 10 young (10240K), 4 survivors (4096K)
 Metaspace       used 89411K, capacity 91586K, committed 91724K, reserved 1128448K
  class space    used 11534K, capacity 12333K, committed 12364K, reserved 1048576K
}
Event: 12.308 GC heap after
{Heap after GC invocations=25 (full 0):
 garbage-first heap   total 301056K, used 216869K [0x0000000080000000, 0x0000000100000000)
  region size 1024K, 3 young (3072K), 3 survivors (3072K)
 Metaspace       used 89411K, capacity 91586K, committed 91724K, reserved 1128448K
  class space    used 11534K, capacity 12333K, committed 12364K, reserved 1048576K
}
Event: 12.434 GC heap before
{Heap before GC invocations=25 (full 0):
 garbage-first heap   total 301056K, used 241445K [0x0000000080000000, 0x0000000100000000)
  region size 1024K, 23 young (23552K), 3 survivors (3072K)
 Metaspace       used 89438K, capacity 91650K, committed 91724K, reserved 1128448K
  class space    used 11534K, capacity 12333K, committed 12364K, reserved 1048576K
}
Event: 12.448 GC heap after
{Heap after GC invocations=26 (full 0):
 garbage-first heap   total 301056K, used 227678K [0x0000000080000000, 0x0000000100000000)
  region size 1024K, 3 young (3072K), 3 survivors (3072K)
 Metaspace       used 89438K, capacity 91650K, committed 91724K, reserved 1128448K
  class space    used 11534K, capacity 12333K, committed 12364K, reserved 1048576K
}
Event: 12.495 GC heap before
{Heap before GC invocations=27 (full 0):
 garbage-first heap   total 301056K, used 234846K [0x0000000080000000, 0x0000000100000000)
  region size 1024K, 11 young (11264K), 3 survivors (3072K)
 Metaspace       used 89438K, capacity 91650K, committed 91724K, reserved 1128448K
  class space    used 11534K, capacity 12333K, committed 12364K, reserved 1048576K
}
Event: 12.504 GC heap after
{Heap after GC invocations=28 (full 0):
 garbage-first heap   total 301056K, used 230869K [0x0000000080000000, 0x0000000100000000)
  region size 1024K, 3 young (3072K), 3 survivors (3072K)
 Metaspace       used 89438K, capacity 91650K, committed 91724K, reserved 1128448K
  class space    used 11534K, capacity 12333K, committed 12364K, reserved 1048576K
}
Event: 12.565 GC heap before
{Heap before GC invocations=28 (full 0):
 garbage-first heap   total 301056K, used 246229K [0x0000000080000000, 0x0000000100000000)
  region size 1024K, 18 young (18432K), 3 survivors (3072K)
 Metaspace       used 89438K, capacity 91650K, committed 91724K, reserved 1128448K
  class space    used 11534K, capacity 12333K, committed 12364K, reserved 1048576K
}
Event: 12.577 GC heap after
{Heap after GC invocations=29 (full 0):
 garbage-first heap   total 361472K, used 238045K [0x0000000080000000, 0x0000000100000000)
  region size 1024K, 3 young (3072K), 3 survivors (3072K)
 Metaspace       used 89438K, capacity 91650K, committed 91724K, reserved 1128448K
  class space    used 11534K, capacity 12333K, committed 12364K, reserved 1048576K
}
Event: 12.723 GC heap before
{Heap before GC invocations=30 (full 0):
 garbage-first heap   total 361472K, used 267741K [0x0000000080000000, 0x0000000100000000)
  region size 1024K, 35 young (35840K), 3 survivors (3072K)
 Metaspace       used 90459K, capacity 92692K, committed 92748K, reserved 1130496K
  class space    used 11766K, capacity 12575K, committed 12620K, reserved 1048576K
}
Event: 12.743 GC heap after
{Heap after GC invocations=31 (full 0):
 garbage-first heap   total 361472K, used 247743K [0x0000000080000000, 0x0000000100000000)
  region size 1024K, 5 young (5120K), 5 survivors (5120K)
 Metaspace       used 90459K, capacity 92692K, committed 92748K, reserved 1130496K
  class space    used 11766K, capacity 12575K, committed 12620K, reserved 1048576K
}
Event: 12.863 GC heap before
{Heap before GC invocations=31 (full 0):
 garbage-first heap   total 361472K, used 279487K [0x0000000080000000, 0x0000000100000000)
  region size 1024K, 36 young (36864K), 5 survivors (5120K)
 Metaspace       used 91348K, capacity 93585K, committed 93644K, reserved 1130496K
  class space    used 11884K, capacity 12719K, committed 12748K, reserved 1048576K
}
Event: 12.881 GC heap after
{Heap after GC invocations=32 (full 0):
 garbage-first heap   total 361472K, used 263891K [0x0000000080000000, 0x0000000100000000)
  region size 1024K, 5 young (5120K), 5 survivors (5120K)
 Metaspace       used 91348K, capacity 93585K, committed 93644K, reserved 1130496K
  class space    used 11884K, capacity 12719K, committed 12748K, reserved 1048576K
}
Event: 12.984 GC heap before
{Heap before GC invocations=32 (full 0):
 garbage-first heap   total 361472K, used 289491K [0x0000000080000000, 0x0000000100000000)
  region size 1024K, 30 young (30720K), 5 survivors (5120K)
 Metaspace       used 91402K, capacity 93655K, committed 93900K, reserved 1130496K
  class space    used 11884K, capacity 12719K, committed 12748K, reserved 1048576K
}
Event: 12.997 GC heap after
{Heap after GC invocations=33 (full 0):
 garbage-first heap   total 361472K, used 278969K [0x0000000080000000, 0x0000000100000000)
  region size 1024K, 4 young (4096K), 4 survivors (4096K)
 Metaspace       used 91402K, capacity 93655K, committed 93900K, reserved 1130496K
  class space    used 11884K, capacity 12719K, committed 12748K, reserved 1048576K
}
Event: 13.091 GC heap before
{Heap before GC invocations=33 (full 0):
 garbage-first heap   total 361472K, used 298425K [0x0000000080000000, 0x0000000100000000)
  region size 1024K, 23 young (23552K), 4 survivors (4096K)
 Metaspace       used 91410K, capacity 93656K, committed 93900K, reserved 1130496K
  class space    used 11884K, capacity 12719K, committed 12748K, reserved 1048576K
}

