# JRE version: OpenJDK Runtime Environment (11.0.10) (build 11.0.10+0-b96-7249189)
# Java VM: OpenJDK 64-Bit Server VM (11.0.10+0-b96-7249189, mixed mode, tiered, compressed oops, g1 gc, windows-amd64)
Heap:
 garbage-first heap   total 566272K, used 292157K [0x0000000080000000, 0x0000000100000000)
  region size 1024K, 5 young (5120K), 5 survivors (5120K)
 Metaspace       used 124237K, capacity 127692K, committed 127864K, reserved 1161216K
  class space    used 15186K, capacity 16439K, committed 16512K, reserved 1048576K
GC Heap History (20 events):
Event: 84.062 GC heap after
{Heap after GC invocations=58 (full 0):
 garbage-first heap   total 315392K, used 175491K [0x0000000080000000, 0x0000000100000000)
  region size 1024K, 8 young (8192K), 8 survivors (8192K)
 Metaspace       used 123303K, capacity 126773K, committed 127096K, reserved 1159168K
  class space    used 15145K, capacity 16420K, committed 16512K, reserved 1048576K
}
Event: 84.264 GC heap before
{Heap before GC invocations=58 (full 0):
 garbage-first heap   total 315392K, used 262531K [0x0000000080000000, 0x0000000100000000)
  region size 1024K, 93 young (95232K), 8 survivors (8192K)
 Metaspace       used 123368K, capacity 126842K, committed 127096K, reserved 1159168K
  class space    used 15145K, capacity 16420K, committed 16512K, reserved 1048576K
}
Event: 84.270 GC heap after
{Heap after GC invocations=59 (full 0):
 garbage-first heap   total 315392K, used 177893K [0x0000000080000000, 0x0000000100000000)
  region size 1024K, 8 young (8192K), 8 survivors (8192K)
 Metaspace       used 123368K, capacity 126842K, committed 127096K, reserved 1159168K
  class space    used 15145K, capacity 16420K, committed 16512K, reserved 1048576K
}
Event: 84.470 GC heap before
{Heap before GC invocations=59 (full 0):
 garbage-first heap   total 315392K, used 265957K [0x0000000080000000, 0x0000000100000000)
  region size 1024K, 94 young (96256K), 8 survivors (8192K)
 Metaspace       used 123390K, capacity 126843K, committed 127096K, reserved 1159168K
  class space    used 15145K, capacity 16420K, committed 16512K, reserved 1048576K
}
Event: 84.474 GC heap after
{Heap after GC invocations=60 (full 0):
 garbage-first heap   total 315392K, used 180337K [0x0000000080000000, 0x0000000100000000)
  region size 1024K, 8 young (8192K), 8 survivors (8192K)
 Metaspace       used 123390K, capacity 126843K, committed 127096K, reserved 1159168K
  class space    used 15145K, capacity 16420K, committed 16512K, reserved 1048576K
}
Event: 84.806 GC heap before
{Heap before GC invocations=60 (full 0):
 garbage-first heap   total 315392K, used 267377K [0x0000000080000000, 0x0000000100000000)
  region size 1024K, 93 young (95232K), 8 survivors (8192K)
 Metaspace       used 123849K, capacity 127321K, committed 127608K, reserved 1161216K
  class space    used 15160K, capacity 16429K, committed 16512K, reserved 1048576K
}
Event: 84.815 GC heap after
{Heap after GC invocations=61 (full 0):
 garbage-first heap   total 315392K, used 186331K [0x0000000080000000, 0x0000000100000000)
  region size 1024K, 11 young (11264K), 11 survivors (11264K)
 Metaspace       used 123849K, capacity 127321K, committed 127608K, reserved 1161216K
  class space    used 15160K, capacity 16429K, committed 16512K, reserved 1048576K
}
Event: 84.882 GC heap before
{Heap before GC invocations=61 (full 0):
 garbage-first heap   total 315392K, used 221147K [0x0000000080000000, 0x0000000100000000)
  region size 1024K, 34 young (34816K), 11 survivors (11264K)
 Metaspace       used 123934K, capacity 127430K, committed 127608K, reserved 1161216K
  class space    used 15169K, capacity 16463K, committed 16512K, reserved 1048576K
}
Event: 84.890 GC heap after
{Heap after GC invocations=62 (full 0):
 garbage-first heap   total 315392K, used 204327K [0x0000000080000000, 0x0000000100000000)
  region size 1024K, 7 young (7168K), 7 survivors (7168K)
 Metaspace       used 123934K, capacity 127430K, committed 127608K, reserved 1161216K
  class space    used 15169K, capacity 16463K, committed 16512K, reserved 1048576K
}
Event: 85.142 GC heap before
{Heap before GC invocations=63 (full 0):
 garbage-first heap   total 315392K, used 293415K [0x0000000080000000, 0x0000000100000000)
  region size 1024K, 55 young (56320K), 7 survivors (7168K)
 Metaspace       used 124040K, capacity 127484K, committed 127608K, reserved 1161216K
  class space    used 15177K, capacity 16436K, committed 16512K, reserved 1048576K
}
Event: 85.148 GC heap after
{Heap after GC invocations=64 (full 0):
 garbage-first heap   total 318464K, used 246227K [0x0000000080000000, 0x0000000100000000)
  region size 1024K, 7 young (7168K), 7 survivors (7168K)
 Metaspace       used 124040K, capacity 127484K, committed 127608K, reserved 1161216K
  class space    used 15177K, capacity 16436K, committed 16512K, reserved 1048576K
}
Event: 85.152 GC heap before
{Heap before GC invocations=64 (full 0):
 garbage-first heap   total 318464K, used 253395K [0x0000000080000000, 0x0000000100000000)
  region size 1024K, 15 young (15360K), 7 survivors (7168K)
 Metaspace       used 124040K, capacity 127484K, committed 127608K, reserved 1161216K
  class space    used 15177K, capacity 16436K, committed 16512K, reserved 1048576K
}
Event: 85.164 GC heap after
{Heap after GC invocations=65 (full 0):
 garbage-first heap   total 382976K, used 226303K [0x0000000080000000, 0x0000000100000000)
  region size 1024K, 2 young (2048K), 2 survivors (2048K)
 Metaspace       used 124040K, capacity 127484K, committed 127608K, reserved 1161216K
  class space    used 15177K, capacity 16436K, committed 16512K, reserved 1048576K
}
Event: 85.335 GC heap before
{Heap before GC invocations=65 (full 0):
 garbage-first heap   total 382976K, used 317439K [0x0000000080000000, 0x0000000100000000)
  region size 1024K, 70 young (71680K), 2 survivors (2048K)
 Metaspace       used 124226K, capacity 127686K, committed 127864K, reserved 1161216K
  class space    used 15186K, capacity 16438K, committed 16512K, reserved 1048576K
}
Event: 85.350 GC heap after
{Heap after GC invocations=66 (full 0):
 garbage-first heap   total 382976K, used 259071K [0x0000000080000000, 0x0000000100000000)
  region size 1024K, 9 young (9216K), 9 survivors (9216K)
 Metaspace       used 124226K, capacity 127686K, committed 127864K, reserved 1161216K
  class space    used 15186K, capacity 16438K, committed 16512K, reserved 1048576K
}
Event: 85.371 GC heap before
{Heap before GC invocations=66 (full 0):
 garbage-first heap   total 382976K, used 267263K [0x0000000080000000, 0x0000000100000000)
  region size 1024K, 18 young (18432K), 9 survivors (9216K)
 Metaspace       used 124226K, capacity 127686K, committed 127864K, reserved 1161216K
  class space    used 15186K, capacity 16438K, committed 16512K, reserved 1048576K
}
Event: 85.380 GC heap after
{Heap after GC invocations=67 (full 0):
 garbage-first heap   total 382976K, used 263649K [0x0000000080000000, 0x0000000100000000)
  region size 1024K, 4 young (4096K), 4 survivors (4096K)
 Metaspace       used 124226K, capacity 127686K, committed 127864K, reserved 1161216K
  class space    used 15186K, capacity 16438K, committed 16512K, reserved 1048576K
}
Event: 85.477 GC heap before
{Heap before GC invocations=67 (full 0):
 garbage-first heap   total 382976K, used 300513K [0x0000000080000000, 0x0000000100000000)
  region size 1024K, 38 young (38912K), 4 survivors (4096K)
 Metaspace       used 124237K, capacity 127692K, committed 127864K, reserved 1161216K
  class space    used 15186K, capacity 16439K, committed 16512K, reserved 1048576K
}
Event: 85.494 GC heap after
{Heap after GC invocations=68 (full 0):
 garbage-first heap   total 382976K, used 278747K [0x0000000080000000, 0x0000000100000000)
  region size 1024K, 5 young (5120K), 5 survivors (5120K)
 Metaspace       used 124237K, capacity 127692K, committed 127864K, reserved 1161216K
  class space    used 15186K, capacity 16439K, committed 16512K, reserved 1048576K
}
Event: 85.616 GC heap before
{Heap before GC invocations=69 (full 0):
 garbage-first heap   total 382976K, used 312539K [0x0000000080000000, 0x0000000100000000)
  region size 1024K, 34 young (34816K), 5 survivors (5120K)
 Metaspace       used 124237K, capacity 127692K, committed 127864K, reserved 1161216K
  class space    used 15186K, capacity 16439K, committed 16512K, reserved 1048576K
}

